<?xml version="1.0" encoding="UTF-8"?>
<testsuite xmlns:xsi="http://www.w3.org/2001/XMLSchema-instance" xsi:noNamespaceSchemaLocation="https://maven.apache.org/surefire/maven-surefire-plugin/xsd/surefire-test-report-3.0.xsd" version="3.0" name="drools.project.RuleTest" time="2.558" tests="1" errors="0" skipped="0" failures="0">
  <properties>
    <property name="sun.desktop" value="windows"/>
    <property name="awt.toolkit" value="sun.awt.windows.WToolkit"/>
    <property name="file.encoding.pkg" value="sun.io"/>
    <property name="java.specification.version" value="1.8"/>
    <property name="sun.cpu.isalist" value="amd64"/>
    <property name="sun.jnu.encoding" value="Cp1252"/>
    <property name="java.class.path" value="C:\workspaces\drools-project\target\test-classes;C:\workspaces\drools-project\target\classes;C:\Users\Susana\.m2\repository\org\drools\drools-compiler\7.7.0.Final\drools-compiler-7.7.0.Final.jar;C:\Users\Susana\.m2\repository\org\drools\drools-core\7.7.0.Final\drools-core-7.7.0.Final.jar;C:\Users\Susana\.m2\repository\commons-codec\commons-codec\1.10\commons-codec-1.10.jar;C:\Users\Susana\.m2\repository\org\kie\kie-api\7.7.0.Final\kie-api-7.7.0.Final.jar;C:\Users\Susana\.m2\repository\org\kie\kie-internal\7.7.0.Final\kie-internal-7.7.0.Final.jar;C:\Users\Susana\.m2\repository\org\kie\soup\kie-soup-maven-support\7.7.0.Final\kie-soup-maven-support-7.7.0.Final.jar;C:\Users\Susana\.m2\repository\org\kie\soup\kie-soup-commons\7.7.0.Final\kie-soup-commons-7.7.0.Final.jar;C:\Users\Susana\.m2\repository\org\kie\soup\kie-soup-project-datamodel-commons\7.7.0.Final\kie-soup-project-datamodel-commons-7.7.0.Final.jar;C:\Users\Susana\.m2\repository\org\kie\soup\kie-soup-project-datamodel-api\7.7.0.Final\kie-soup-project-datamodel-api-7.7.0.Final.jar;C:\Users\Susana\.m2\repository\org\antlr\antlr-runtime\3.5.2\antlr-runtime-3.5.2.jar;C:\Users\Susana\.m2\repository\org\eclipse\jdt\core\compiler\ecj\4.4.2\ecj-4.4.2.jar;C:\Users\Susana\.m2\repository\org\mvel\mvel2\2.4.0.Final\mvel2-2.4.0.Final.jar;C:\Users\Susana\.m2\repository\com\thoughtworks\xstream\xstream\1.4.10\xstream-1.4.10.jar;C:\Users\Susana\.m2\repository\xmlpull\xmlpull\1.1.3.1\xmlpull-1.1.3.1.jar;C:\Users\Susana\.m2\repository\xpp3\xpp3_min\1.1.4c\xpp3_min-1.1.4c.jar;C:\Users\Susana\.m2\repository\com\google\protobuf\protobuf-java\2.6.0\protobuf-java-2.6.0.jar;C:\Users\Susana\.m2\repository\org\slf4j\slf4j-api\1.7.25\slf4j-api-1.7.25.jar;C:\Users\Susana\.m2\repository\junit\junit\4.12\junit-4.12.jar;C:\Users\Susana\.m2\repository\org\hamcrest\hamcrest-core\1.3\hamcrest-core-1.3.jar;C:\Users\Susana\.m2\repository\org\slf4j\slf4j-log4j12\1.7.25\slf4j-log4j12-1.7.25.jar;C:\Users\Susana\.m2\repository\log4j\log4j\1.2.17\log4j-1.2.17.jar;"/>
    <property name="java.vm.vendor" value="Oracle Corporation"/>
    <property name="sun.arch.data.model" value="64"/>
    <property name="user.variant" value=""/>
    <property name="java.vendor.url" value="http://java.oracle.com/"/>
    <property name="user.timezone" value="Europe/Paris"/>
    <property name="java.vm.specification.version" value="1.8"/>
    <property name="os.name" value="Windows 8.1"/>
    <property name="user.country" value="ES"/>
    <property name="sun.java.launcher" value="SUN_STANDARD"/>
    <property name="sun.boot.library.path" value="C:\Program Files\Java\jdk1.8.0_40\jre\bin"/>
    <property name="sun.java.command" value="C:\Users\Susana\AppData\Local\Temp\surefire4115785538508962144\surefirebooter9004245699236478900.jar C:\Users\Susana\AppData\Local\Temp\surefire4115785538508962144 2020-07-10T12-20-12_331-jvmRun1 surefire4049482076533917843tmp surefire_05749232899199724010tmp"/>
    <property name="surefire.test.class.path" value="C:\workspaces\drools-project\target\test-classes;C:\workspaces\drools-project\target\classes;C:\Users\Susana\.m2\repository\org\drools\drools-compiler\7.7.0.Final\drools-compiler-7.7.0.Final.jar;C:\Users\Susana\.m2\repository\org\drools\drools-core\7.7.0.Final\drools-core-7.7.0.Final.jar;C:\Users\Susana\.m2\repository\commons-codec\commons-codec\1.10\commons-codec-1.10.jar;C:\Users\Susana\.m2\repository\org\kie\kie-api\7.7.0.Final\kie-api-7.7.0.Final.jar;C:\Users\Susana\.m2\repository\org\kie\kie-internal\7.7.0.Final\kie-internal-7.7.0.Final.jar;C:\Users\Susana\.m2\repository\org\kie\soup\kie-soup-maven-support\7.7.0.Final\kie-soup-maven-support-7.7.0.Final.jar;C:\Users\Susana\.m2\repository\org\kie\soup\kie-soup-commons\7.7.0.Final\kie-soup-commons-7.7.0.Final.jar;C:\Users\Susana\.m2\repository\org\kie\soup\kie-soup-project-datamodel-commons\7.7.0.Final\kie-soup-project-datamodel-commons-7.7.0.Final.jar;C:\Users\Susana\.m2\repository\org\kie\soup\kie-soup-project-datamodel-api\7.7.0.Final\kie-soup-project-datamodel-api-7.7.0.Final.jar;C:\Users\Susana\.m2\repository\org\antlr\antlr-runtime\3.5.2\antlr-runtime-3.5.2.jar;C:\Users\Susana\.m2\repository\org\eclipse\jdt\core\compiler\ecj\4.4.2\ecj-4.4.2.jar;C:\Users\Susana\.m2\repository\org\mvel\mvel2\2.4.0.Final\mvel2-2.4.0.Final.jar;C:\Users\Susana\.m2\repository\com\thoughtworks\xstream\xstream\1.4.10\xstream-1.4.10.jar;C:\Users\Susana\.m2\repository\xmlpull\xmlpull\1.1.3.1\xmlpull-1.1.3.1.jar;C:\Users\Susana\.m2\repository\xpp3\xpp3_min\1.1.4c\xpp3_min-1.1.4c.jar;C:\Users\Susana\.m2\repository\com\google\protobuf\protobuf-java\2.6.0\protobuf-java-2.6.0.jar;C:\Users\Susana\.m2\repository\org\slf4j\slf4j-api\1.7.25\slf4j-api-1.7.25.jar;C:\Users\Susana\.m2\repository\junit\junit\4.12\junit-4.12.jar;C:\Users\Susana\.m2\repository\org\hamcrest\hamcrest-core\1.3\hamcrest-core-1.3.jar;C:\Users\Susana\.m2\repository\org\slf4j\slf4j-log4j12\1.7.25\slf4j-log4j12-1.7.25.jar;C:\Users\Susana\.m2\repository\log4j\log4j\1.2.17\log4j-1.2.17.jar;"/>
    <property name="sun.cpu.endian" value="little"/>
    <property name="user.home" value="C:\Users\Susana"/>
    <property name="user.language" value="es"/>
    <property name="java.specification.vendor" value="Oracle Corporation"/>
    <property name="java.home" value="C:\Program Files\Java\jdk1.8.0_40\jre"/>
    <property name="basedir" value="C:\workspaces\drools-project"/>
    <property name="file.separator" value="\"/>
    <property name="line.separator" value="&#10;"/>
    <property name="java.vm.specification.vendor" value="Oracle Corporation"/>
    <property name="java.specification.name" value="Java Platform API Specification"/>
    <property name="java.awt.graphicsenv" value="sun.awt.Win32GraphicsEnvironment"/>
    <property name="surefire.real.class.path" value="C:\Users\Susana\AppData\Local\Temp\surefire4115785538508962144\surefirebooter9004245699236478900.jar"/>
    <property name="sun.boot.class.path" value="C:\Program Files\Java\jdk1.8.0_40\jre\lib\resources.jar;C:\Program Files\Java\jdk1.8.0_40\jre\lib\rt.jar;C:\Program Files\Java\jdk1.8.0_40\jre\lib\sunrsasign.jar;C:\Program Files\Java\jdk1.8.0_40\jre\lib\jsse.jar;C:\Program Files\Java\jdk1.8.0_40\jre\lib\jce.jar;C:\Program Files\Java\jdk1.8.0_40\jre\lib\charsets.jar;C:\Program Files\Java\jdk1.8.0_40\jre\lib\jfr.jar;C:\Program Files\Java\jdk1.8.0_40\jre\classes"/>
    <property name="user.script" value=""/>
    <property name="sun.management.compiler" value="HotSpot 64-Bit Tiered Compilers"/>
    <property name="java.runtime.version" value="1.8.0_40-b25"/>
    <property name="user.name" value="Susana"/>
    <property name="path.separator" value=";"/>
    <property name="os.version" value="6.3"/>
    <property name="java.endorsed.dirs" value="C:\Program Files\Java\jdk1.8.0_40\jre\lib\endorsed"/>
    <property name="java.runtime.name" value="Java(TM) SE Runtime Environment"/>
    <property name="file.encoding" value="Cp1252"/>
    <property name="java.vm.name" value="Java HotSpot(TM) 64-Bit Server VM"/>
    <property name="localRepository" value="C:\Users\Susana\.m2\repository"/>
    <property name="java.vendor.url.bug" value="http://bugreport.sun.com/bugreport/"/>
    <property name="java.io.tmpdir" value="C:\Users\Susana\AppData\Local\Temp\"/>
    <property name="java.version" value="1.8.0_40"/>
    <property name="user.dir" value="C:\workspaces\drools-project"/>
    <property name="os.arch" value="amd64"/>
    <property name="java.vm.specification.name" value="Java Virtual Machine Specification"/>
    <property name="java.awt.printerjob" value="sun.awt.windows.WPrinterJob"/>
    <property name="sun.os.patch.level" value=""/>
    <property name="java.library.path" value="C:\Program Files\Java\jdk1.8.0_40\jre\bin;C:\WINDOWS\Sun\Java\bin;C:\WINDOWS\system32;C:\WINDOWS;C:\Program Files\Java\jdk1.8.0_40\bin;C:\ProgramData\Oracle\Java\javapath;c:\Program Files (x86)\Intel\iCLS Client\;c:\Program Files\Intel\iCLS Client\;C:\Program Files (x86)\NVIDIA Corporation\PhysX\Common;C:\WINDOWS\system32;C:\WINDOWS;C:\WINDOWS\System32\Wbem;C:\WINDOWS\System32\WindowsPowerShell\v1.0\;C:\Program Files\Intel\Intel(R) Management Engine Components\DAL;C:\Program Files\Intel\Intel(R) Management Engine Components\IPT;C:\Program Files (x86)\Intel\Intel(R) Management Engine Components\DAL;C:\Program Files (x86)\Intel\Intel(R) Management Engine Components\IPT;C:\Program Files\Hewlett-Packard\SimplePass\;C:\Program Files\MySQL\MySQL Server 5.5\bin;C:\Program Files\nodejs\;C:\Program Files\Git\cmd;C:\Program Files (x86)\Notepad++;C:\apache-maven-3.5.3\bin;C:\WINDOWS\System32\OpenSSH\;C:\Program Files\OpenVPN\bin;C:\Program Files\TortoiseSVN\bin;C:\Program Files\dotnet\;C:\Program Files\Microsoft SQL Server\Client SDK\ODBC\130\Tools\Binn\;C:\Program Files (x86)\Microsoft SQL Server\140\Tools\Binn\;C:\Program Files\Microsoft SQL Server\140\Tools\Binn\;C:\Program Files\Microsoft SQL Server\140\DTS\Binn\;C:\Program Files\Microsoft SQL Server\130\Tools\Binn\;C:\Program Files\Microsoft SQL Server\Client SDK\ODBC\170\Tools\Binn\;C:\Program Files (x86)\Microsoft SQL Server\150\DTS\Binn\;C:\Users\Susana\AppData\Local\Microsoft\WindowsApps;C:\Users\Susana\AppData\Roaming\npm;C:\Users\Susana\AppData\Local\atom\bin;%USERPROFILE%\AppData\Local\Microsoft\WindowsApps;;."/>
    <property name="java.vm.info" value="mixed mode"/>
    <property name="java.vendor" value="Oracle Corporation"/>
    <property name="java.vm.version" value="25.40-b25"/>
    <property name="java.ext.dirs" value="C:\Program Files\Java\jdk1.8.0_40\jre\lib\ext;C:\WINDOWS\Sun\Java\lib\ext"/>
    <property name="sun.io.unicode.encoding" value="UnicodeLittle"/>
    <property name="java.class.version" value="52.0"/>
  </properties>
  <testcase name="test" classname="drools.project.RuleTest" time="2.465">
    <system-out><![CDATA[2020-07-10 12:20:14,090 INFO  [org.kie.api.internal.utils.ServiceDiscoveryImpl] (main) Loading kie.conf from  
2020-07-10 12:20:14,091 INFO  [org.kie.api.internal.utils.ServiceDiscoveryImpl] (main) Discovered kie.conf url=jar:file:/C:/Users/Susana/.m2/repository/org/drools/drools-compiler/7.7.0.Final/drools-compiler-7.7.0.Final.jar!/META-INF/kie.conf 
2020-07-10 12:20:14,143 INFO  [org.kie.api.internal.utils.ServiceDiscoveryImpl] (main) Adding Service org.drools.compiler.kie.builder.impl.KieServicesImpl

2020-07-10 12:20:14,148 INFO  [org.kie.api.internal.utils.ServiceDiscoveryImpl] (main) Adding Service org.drools.compiler.builder.impl.KnowledgeBuilderFactoryServiceImpl

2020-07-10 12:20:14,148 INFO  [org.kie.api.internal.utils.ServiceDiscoveryImpl] (main) Loading kie.conf from  
2020-07-10 12:20:14,148 INFO  [org.kie.api.internal.utils.ServiceDiscoveryImpl] (main) Discovered kie.conf url=jar:file:/C:/Users/Susana/.m2/repository/org/drools/drools-core/7.7.0.Final/drools-core-7.7.0.Final.jar!/META-INF/kie.conf 
2020-07-10 12:20:14,151 INFO  [org.kie.api.internal.utils.ServiceDiscoveryImpl] (main) Adding Service org.drools.core.io.impl.ResourceFactoryServiceImpl

2020-07-10 12:20:14,153 INFO  [org.kie.api.internal.utils.ServiceDiscoveryImpl] (main) Adding Service org.drools.core.marshalling.impl.MarshallerProviderImpl

2020-07-10 12:20:14,153 INFO  [org.kie.api.internal.utils.ServiceDiscoveryImpl] (main) Adding Service org.drools.core.concurrent.ExecutorProviderImpl

2020-07-10 12:20:14,153 INFO  [org.kie.api.internal.utils.ServiceDiscoveryImpl] (main) Loading kie.conf from  
2020-07-10 12:20:14,154 INFO  [org.kie.api.internal.utils.ServiceDiscoveryImpl] (main) Discovered kie.conf url=jar:file:/C:/Users/Susana/.m2/repository/org/kie/kie-internal/7.7.0.Final/kie-internal-7.7.0.Final.jar!/META-INF/kie.conf 
2020-07-10 12:20:14,155 INFO  [org.kie.api.internal.utils.ServiceDiscoveryImpl] (main) Adding Service org.kie.internal.services.KieWeaversImpl

2020-07-10 12:20:14,155 INFO  [org.kie.api.internal.utils.ServiceDiscoveryImpl] (main) Adding Service org.kie.internal.services.KieBeliefsImpl

2020-07-10 12:20:14,156 INFO  [org.kie.api.internal.utils.ServiceDiscoveryImpl] (main) Adding Service org.kie.internal.services.KieAssemblersImpl

2020-07-10 12:20:14,157 INFO  [org.kie.api.internal.utils.ServiceDiscoveryImpl] (main) Adding Service org.kie.internal.services.KieRuntimesImpl

2020-07-10 12:20:15,181 INFO  [org.drools.compiler.kie.builder.impl.ClasspathKieProject] (main) Found kmodule: file:/C:/workspaces/drools-project/target/classes/META-INF/kmodule.xml
2020-07-10 12:20:15,433 WARN  [org.drools.compiler.kie.builder.impl.ClasspathKieProject] (main) Unable to find pom.properties in /C:/workspaces/drools-project/target/classes
2020-07-10 12:20:15,440 INFO  [org.drools.compiler.kie.builder.impl.ClasspathKieProject] (main) Recursed up folders, found and used pom.xml C:\workspaces\drools-project\pom.xml
2020-07-10 12:20:15,447 INFO  [org.drools.compiler.kie.builder.impl.KieRepositoryImpl] (main) KieModule was added: FileKieModule[releaseId=mis.pruebas:drools-project:1.0-SNAPSHOT,file=C:\workspaces\drools-project\target\classes]
2020-07-10 12:20:16,262 INFO  [drools.project.RuleTest] (main) Creating kieBase
2020-07-10 12:20:16,359 INFO  [drools.project.RuleTest] (main) There should be rules: 
2020-07-10 12:20:16,359 INFO  [drools.project.RuleTest] (main) kp [Package name=drools.project] rule will execute per each Measurement having ID color
2020-07-10 12:20:16,359 INFO  [drools.project.RuleTest] (main) Creating kieSession
2020-07-10 12:20:16,395 INFO  [drools.project.RuleTest] (main) Populating globals
2020-07-10 12:20:16,395 INFO  [drools.project.RuleTest] (main) Now running data
2020-07-10 12:20:16,426 INFO  [drools.project.RuleTest] (main) Final checks
]]></system-out>
  </testcase>
</testsuite>